2024-07-24T04:05:34.334Z info: Event created successfully {
  "event": {
    "id": 39,
    "event_name": "Opcode Tech",
    "date": "2024-07-31T00:00:00.000Z",
    "description": "work",
    "updatedAt": "2024-07-24T04:05:34.120Z",
    "createdAt": "2024-07-24T04:05:34.120Z"
  }
}
2024-07-24T04:05:51.202Z info: Event deleted successfully {
  "id": "39"
}
2024-07-24T04:22:15.455Z info: User registered successfully {
  "user": {
    "id": 12,
    "username": "Deeps",
    "password": "$2a$10$dU4odLJYo4rI1g61/c8lUOGeaPfEJ5ehN/JH.kyDxprJYIPo86UdC",
    "role": "user",
    "updatedAt": "2024-07-24T04:22:15.338Z",
    "createdAt": "2024-07-24T04:22:15.338Z"
  }
}
2024-07-24T04:22:50.944Z info: User logged in successfully {
  "user": {
    "id": 12,
    "username": "Deeps",
    "password": "$2a$10$dU4odLJYo4rI1g61/c8lUOGeaPfEJ5ehN/JH.kyDxprJYIPo86UdC",
    "role": "user",
    "createdAt": "2024-07-24T04:22:15.338Z",
    "updatedAt": "2024-07-24T04:22:15.338Z"
  }
}
2024-07-24T04:26:09.545Z info: User registered successfully {
  "user": {
    "id": 1,
    "username": "testuser",
    "password": "$2a$10$dcVvvTvg2S/pXCrbXl2k5.uupQ44no0Bji4JzygssSm.y4t99.YJy",
    "role": "user",
    "updatedAt": "2024-07-24T04:26:09.519Z",
    "createdAt": "2024-07-24T04:26:09.519Z"
  }
}
2024-07-24T04:26:09.833Z error: Error registering user {
  "error": {
    "name": "SequelizeUniqueConstraintError",
    "errors": [
      {
        "message": "username must be unique",
        "type": "unique violation",
        "path": "username",
        "value": "testuser",
        "origin": "DB",
        "instance": {
          "id": null,
          "username": "testuser",
          "password": "$2a$10$bv57uSGes1e15yWq3kI1JOBLibu29.2/QfRoR1vC1jMvDSUKrP41m",
          "role": "user",
          "updatedAt": "2024-07-24T04:26:09.707Z",
          "createdAt": "2024-07-24T04:26:09.707Z"
        },
        "validatorKey": "not_unique",
        "validatorName": null,
        "validatorArgs": []
      }
    ],
    "parent": {
      "length": 209,
      "name": "error",
      "severity": "ERROR",
      "code": "23505",
      "detail": "Key (username)=(testuser) already exists.",
      "schema": "public",
      "table": "users",
      "constraint": "users_username_key",
      "file": "nbtinsert.c",
      "line": "673",
      "routine": "_bt_check_unique",
      "sql": "INSERT INTO \"users\" (\"id\",\"username\",\"password\",\"role\",\"createdAt\",\"updatedAt\") VALUES (DEFAULT,$1,$2,$3,$4,$5) RETURNING \"id\",\"username\",\"password\",\"role\",\"createdAt\",\"updatedAt\";",
      "parameters": [
        "testuser",
        "$2a$10$bv57uSGes1e15yWq3kI1JOBLibu29.2/QfRoR1vC1jMvDSUKrP41m",
        "user",
        "2024-07-24 04:26:09.707 +00:00",
        "2024-07-24 04:26:09.707 +00:00"
      ]
    },
    "original": {
      "length": 209,
      "name": "error",
      "severity": "ERROR",
      "code": "23505",
      "detail": "Key (username)=(testuser) already exists.",
      "schema": "public",
      "table": "users",
      "constraint": "users_username_key",
      "file": "nbtinsert.c",
      "line": "673",
      "routine": "_bt_check_unique",
      "sql": "INSERT INTO \"users\" (\"id\",\"username\",\"password\",\"role\",\"createdAt\",\"updatedAt\") VALUES (DEFAULT,$1,$2,$3,$4,$5) RETURNING \"id\",\"username\",\"password\",\"role\",\"createdAt\",\"updatedAt\";",
      "parameters": [
        "testuser",
        "$2a$10$bv57uSGes1e15yWq3kI1JOBLibu29.2/QfRoR1vC1jMvDSUKrP41m",
        "user",
        "2024-07-24 04:26:09.707 +00:00",
        "2024-07-24 04:26:09.707 +00:00"
      ]
    },
    "fields": {
      "username": "testuser"
    },
    "sql": "INSERT INTO \"users\" (\"id\",\"username\",\"password\",\"role\",\"createdAt\",\"updatedAt\") VALUES (DEFAULT,$1,$2,$3,$4,$5) RETURNING \"id\",\"username\",\"password\",\"role\",\"createdAt\",\"updatedAt\";"
  }
}
2024-07-24T04:26:09.983Z info: User logged in successfully {
  "user": {
    "id": 1,
    "username": "testuser",
    "password": "$2a$10$dcVvvTvg2S/pXCrbXl2k5.uupQ44no0Bji4JzygssSm.y4t99.YJy",
    "role": "user",
    "createdAt": "2024-07-24T04:26:09.519Z",
    "updatedAt": "2024-07-24T04:26:09.519Z"
  }
}
2024-07-24T04:27:59.598Z warn: Invalid credentials {
  "username": "Deeps"
}
2024-07-24T04:28:52.408Z warn: Invalid credentials {
  "username": "testUser"
}
2024-07-24T04:29:12.479Z info: User registered successfully {
  "user": {
    "id": 3,
    "username": "testUser",
    "password": "$2a$10$0Vlcxkbn67ZfI6E4Rq/lHe2M5uwBJwA63pozYRMvl1g/edsOc/0Je",
    "role": "admin",
    "updatedAt": "2024-07-24T04:29:12.369Z",
    "createdAt": "2024-07-24T04:29:12.369Z"
  }
}
2024-07-24T04:29:42.837Z info: User logged in successfully {
  "user": {
    "id": 3,
    "username": "testUser",
    "password": "$2a$10$0Vlcxkbn67ZfI6E4Rq/lHe2M5uwBJwA63pozYRMvl1g/edsOc/0Je",
    "role": "admin",
    "createdAt": "2024-07-24T04:29:12.369Z",
    "updatedAt": "2024-07-24T04:29:12.369Z"
  }
}
2024-07-24T04:29:55.687Z info: User logged in successfully {
  "user": {
    "id": 3,
    "username": "testUser",
    "password": "$2a$10$0Vlcxkbn67ZfI6E4Rq/lHe2M5uwBJwA63pozYRMvl1g/edsOc/0Je",
    "role": "admin",
    "createdAt": "2024-07-24T04:29:12.369Z",
    "updatedAt": "2024-07-24T04:29:12.369Z"
  }
}
2024-07-24T04:41:14.146Z info: User logged in: testUser 
2024-07-24T04:44:29.960Z info: User logged in: testUser 
2024-07-24T04:59:14.359Z info: User logged in: testUser 
2024-07-24T05:10:03.744Z info: User logged in: testUser 
2024-07-24T05:22:58.915Z info: User registered: testuser 
2024-07-24T05:22:59.064Z error: Error registering user: Validation error 
2024-07-24T05:22:59.162Z info: User logged in: testuser 
2024-07-24T05:27:01.539Z info: User registered: testuser 
2024-07-24T05:27:01.689Z error: Error registering user: Validation error 
2024-07-24T05:27:01.785Z info: User logged in: testuser 
2024-07-24T05:27:47.846Z warn: Invalid login attempt: testUser 
2024-07-24T05:28:14.617Z warn: Invalid login attempt: testUser 
2024-07-24T05:29:07.679Z info: User registered: Like 
2024-07-24T05:29:26.308Z info: User logged in: Like 
2024-07-24T05:33:00.876Z info: User registered: testuser 
2024-07-24T05:33:01.020Z error: Error registering user: Validation error 
2024-07-24T05:33:01.117Z info: User logged in: testuser 
2024-07-24T05:33:48.480Z warn: Invalid login attempt: Like2024-07-24T05:35:10.311Z warn: Invalid login attempt: testUser 
2024-07-24T05:35:42.581Z warn: Invalid login attempt: User 
2024-07-24T05:35:52.255Z info: User registered: User 
2024-07-24T05:36:06.145Z info: User logged in: User 
2024-07-24T05:36:18.446Z info: User logged in: User 
2024-07-24T06:05:59.171Z info: User registered: Username 
2024-07-24T06:06:26.037Z info: User logged in: Username 
2024-07-24T06:08:46.986Z info: User registered: testuser 
2024-07-24T06:08:47.143Z error: Error registering user: Validation error 
2024-07-24T06:08:47.242Z info: User logged in: testuser 
2024-07-24T06:26:32.029Z info: User registered: testuser 
2024-07-24T06:26:32.175Z error: Error registering user: Validation error 
2024-07-24T06:26:32.277Z info: User logged in: testuser 
2024-07-24T06:35:36.786Z info: User registered: deeps 
2024-07-24T06:35:50.436Z info: User logged in: deeps 
2024-07-24T06:38:55.132Z info: User logged in: deeps 
2024-07-24T07:05:27.267Z info: User logged in: deeps 
2024-07-24T07:09:06.629Z warn: Invalid Token 
2024-07-24T07:09:06.700Z warn: Invalid Token 
2024-07-24T07:09:06.714Z warn: Invalid Token 
2024-07-24T07:09:06.728Z warn: Invalid Token 
2024-07-24T07:09:06.955Z info: User registered: testuser 
2024-07-24T07:09:07.101Z error: Error registering user: Validation error 
2024-07-24T07:09:07.208Z info: User logged in: testuser 
2024-07-24T07:13:21.395Z warn: Invalid login attempt: deeps 
2024-07-24T07:15:00.454Z warn: Invalid login attempt: DeepanKumar 
2024-07-24T07:15:35.933Z info: User registered: Opcode 
2024-07-24T07:16:31.875Z info: User logged in: Opcode 
2024-07-24T07:20:09.106Z info: User logged in: Opcode 
2024-07-24T07:22:53.707Z info: User logged in: Opcode 
2024-07-24T08:53:15.003Z info: User logged in: Opcode 
2024-07-24T09:24:31.219Z warn: No Token Provided 
2024-07-24T09:25:09.113Z info: User registered: Opcode Tech 
2024-07-24T09:25:28.311Z warn: No Token Provided 
2024-07-24T09:26:31.900Z warn: No Token Provided 
2024-07-24T09:29:10.543Z warn: No Token Provided 
2024-07-24T09:29:26.333Z warn: No Token Provided 
2024-07-24T09:34:57.005Z warn: No Token Provided 
2024-07-24T10:03:46.259Z error: Error registering user: Validation error 
2024-07-24T10:06:15.851Z error: Error registering user: Validation error 
2024-07-24T10:09:19.990Z info: User registered: Opcode Tech 
2024-07-24T10:09:29.632Z info: User logged in: Opcode Tech 
2024-07-24T10:30:32.877Z error: Error registering user: Validation error 
2024-07-24T10:32:17.021Z info: User registered: testuser 
2024-07-24T10:32:46.302Z info: User logged in: testuser 
2024-07-24T11:27:42.218Z info: User registered: testusers 
2024-07-24T11:43:04.142Z warn: No Token Provided 
2024-07-24T11:43:04.188Z warn: No Token Provided 
2024-07-24T11:43:04.204Z warn: No Token Provided 
2024-07-24T11:43:04.219Z warn: No Token Provided 
2024-07-24T11:43:04.233Z warn: No Token Provided 
2024-07-24T11:43:04.250Z warn: No Token Provided 
2024-07-24T11:46:28.907Z warn: No Token Provided 
2024-07-24T11:46:28.958Z warn: No Token Provided 
2024-07-24T11:46:28.978Z warn: No Token Provided 
2024-07-24T11:46:28.992Z warn: No Token Provided 
2024-07-24T11:46:29.008Z warn: No Token Provided 
2024-07-24T11:46:29.029Z warn: No Token Provided 
2024-07-24T11:47:41.343Z warn: No Token Provided 
2024-07-24T11:47:41.391Z warn: No Token Provided 
2024-07-24T11:47:41.407Z warn: No Token Provided 
2024-07-24T11:47:41.422Z warn: No Token Provided 
2024-07-24T11:49:53.002Z warn: No Token Provided 
2024-07-24T11:52:29.890Z warn: No Token Provided 
2024-07-24T11:52:45.439Z warn: Invalid Token 
2024-07-24T11:53:31.247Z info: User logged in: testusers 
2024-07-24T11:58:30.264Z warn: Invalid Token 
2024-07-24T11:58:53.493Z info: User logged in: testusers 
2024-07-24T12:20:52.044Z info: User registered: dk 
2024-07-24T12:21:57.827Z info: User logged in: dk 
2024-07-24T12:23:02.845Z warn: No Token Provided 
2024-07-24T12:23:02.884Z warn: No Token Provided 
2024-07-24T12:23:02.902Z warn: No Token Provided 
2024-07-24T12:23:02.913Z warn: No Token Provided 
2024-07-24T12:26:53.395Z warn: No Token Provided 
2024-07-24T12:26:53.498Z warn: No Token Provided 
2024-07-24T12:26:53.538Z warn: No Token Provided 
2024-07-24T12:26:53.565Z warn: No Token Provided 
2024-07-24T12:26:53.589Z warn: No Token Provided 
2024-07-24T12:26:53.626Z warn: No Token Provided 
2024-07-24T12:28:12.316Z warn: No Token Provided 
2024-07-24T12:28:12.434Z warn: No Token Provided 
2024-07-24T12:28:12.454Z warn: No Token Provided 
2024-07-24T12:28:12.471Z warn: No Token Provided 
2024-07-24T18:05:05.451Z warn: User role user not authorized 
