2024-07-24T18:46:59.133Z warn: No Token Provided 
2024-07-24T18:46:59.169Z warn: No Token Provided 
2024-07-24T18:46:59.181Z warn: No Token Provided 
2024-07-24T18:46:59.192Z warn: No Token Provided 
2024-07-25T03:48:59.929Z warn: No Token Provided 
2024-07-25T03:48:59.987Z warn: No Token Provided 
2024-07-25T03:49:00.007Z warn: No Token Provided 
2024-07-25T03:49:00.032Z warn: No Token Provided 
2024-07-25T04:01:26.730Z info: User logged in: deepss 
2024-07-25T04:01:33.938Z warn: Invalid Token 
2024-07-25T04:01:44.341Z warn: Invalid Token 
2024-07-25T04:03:22.917Z warn: No Token Provided 
2024-07-25T04:03:22.993Z warn: No Token Provided 
2024-07-25T04:03:23.020Z warn: No Token Provided 
2024-07-25T04:03:23.046Z warn: No Token Provided 
2024-07-25T04:50:51.911Z info: Event deleted successfully {
  "id": "3"
}
2024-07-25T04:51:22.336Z warn: Event not found or unauthorized access {
  "id": "3"
}
2024-07-25T04:51:32.301Z info: Fetched all events {
  "events": [
    {
      "id": 2,
      "event_name": "Eventsss",
      "date": "2023-07-25T00:00:00.000Z",
      "description": "Event Description",
      "userId": 4,
      "createdAt": "2024-07-24T12:20:21.269Z",
      "updatedAt": "2024-07-24T12:20:21.269Z"
    },
    {
      "id": 11,
      "event_name": "Opcode Technologiess",
      "date": "2023-07-25T00:00:00.000Z",
      "description": "Opcode Technologies",
      "userId": 11,
      "createdAt": "2024-07-25T04:40:25.496Z",
      "updatedAt": "2024-07-25T04:40:25.496Z"
    }
  ]
}
2024-07-25T04:51:40.945Z info: Event deleted successfully {
  "id": "2"
}
2024-07-25T04:52:11.827Z info: User logged in: deepss 
2024-07-25T04:52:26.443Z info: User registered: deepan 
2024-07-25T04:52:34.445Z error: Error registering user: Validation error 
2024-07-25T04:52:49.423Z info: User logged in: deepan 
2024-07-25T04:53:09.351Z warn: Event not found or unauthorized access {
  "id": "2"
}
2024-07-25T04:53:22.120Z info: Fetched all events {
  "events": [
    {
      "id": 11,
      "event_name": "Opcode Technologiess",
      "date": "2023-07-25T00:00:00.000Z",
      "description": "Opcode Technologies",
      "userId": 11,
      "createdAt": "2024-07-25T04:40:25.496Z",
      "updatedAt": "2024-07-25T04:40:25.496Z"
    }
  ]
}
2024-07-25T04:53:31.260Z info: Event deleted successfully {
  "id": "11"
}
2024-07-25T04:55:13.709Z error: Error creating event {
  "error": {}
}
2024-07-25T05:00:23.632Z info: User registered: Deepan 
2024-07-25T05:00:32.199Z error: Error registering user: Validation error 
2024-07-25T05:00:38.020Z error: Error registering user: Validation error 
2024-07-25T05:00:47.947Z warn: Invalid login attempt: Deepan 
2024-07-25T05:00:53.548Z info: User logged in: Deepan 
2024-07-25T05:05:59.683Z info: User registered: Deepan Kumar 
2024-07-25T05:06:12.082Z info: User logged in: Deepan Kumar 
2024-07-25T05:47:54.213Z info: User logged in: Deepan 
2024-07-25T06:00:34.032Z info: User logged in: Deepan Kumar 
2024-07-25T06:24:27.415Z info: User logged in: Deepan 
2024-07-25T06:45:57.812Z warn: User role user not authorized 
2024-07-25T06:50:05.947Z warn: User role user not authorized 
2024-07-25T06:50:30.550Z warn: User role user not authorized 
2024-07-25T06:50:33.183Z warn: User role user not authorized 
2024-07-25T06:52:03.354Z warn: User role user not authorized 
2024-07-25T07:18:10.445Z info: User logged in: Deepan 
2024-07-25T07:18:35.010Z warn: User role user not authorized 
2024-07-25T07:19:24.121Z warn: User role user not authorized 
2024-07-25T07:31:16.330Z warn: User role user not authorized 
2024-07-25T07:31:42.309Z warn: User role user not authorized 
2024-07-25T07:32:22.986Z info: User logged in: Deepan Kumar 
2024-07-25T10:32:58.423Z info: Registering user 
2024-07-25T10:32:58.432Z error: Error registering user: Cannot destructure property 'username' of 'req.body' as it is undefined. 
2024-07-25T10:32:58.434Z info: User registered successfully 
2024-07-25T10:34:41.315Z info: Registering user 
2024-07-25T10:34:41.327Z error: Error registering user: Cannot destructure property 'username' of 'req.body' as it is undefined. 
2024-07-25T10:34:41.329Z info: User registered successfully 
2024-07-25T10:44:45.063Z info: Registering user 
2024-07-25T10:44:45.392Z info: User registered: Deepan Kumars 
2024-07-25T10:44:45.394Z info: User registered successfully 
2024-07-25T10:47:26.519Z info: Registering user 
2024-07-25T10:47:26.747Z error: Error registering user: Validation error 
2024-07-25T10:47:26.749Z info: User registered successfully 
2024-07-25T10:49:18.941Z info: Registering user 
2024-07-25T10:49:19.137Z error: Error registering user: Validation error 
2024-07-25T10:49:19.138Z info: User registered successfully 
2024-07-25T10:49:19.141Z error: Error registering user Cannot set headers after they are sent to the client {
  "code": "ERR_HTTP_HEADERS_SENT",
  "stack": "Error [ERR_HTTP_HEADERS_SENT]: Cannot set headers after they are sent to the client\n    at ServerResponse.setHeader (node:_http_outgoing:652:11)\n    at ServerResponse.header (E:\\alp\\OPCODE\\Logger\\Opcode\\node_modules\\express\\lib\\response.js:795:10)\n    at ServerResponse.send (E:\\alp\\OPCODE\\Logger\\Opcode\\node_modules\\express\\lib\\response.js:175:12)\n    at ServerResponse.json (E:\\alp\\OPCODE\\Logger\\Opcode\\node_modules\\express\\lib\\response.js:279:15)\n    at UserController.<anonymous> (E:\\alp\\OPCODE\\Logger\\Opcode\\dist\\controllers\\UserController.js:38:33)\n    at Generator.next (<anonymous>)\n    at fulfilled (E:\\alp\\OPCODE\\Logger\\Opcode\\dist\\controllers\\UserController.js:17:58)\n    at process.processTicksAndRejections (node:internal/process/task_queues:95:5)"
}
2024-07-25T10:51:32.187Z info: Registering user 
2024-07-25T10:51:32.432Z error: Error registering user: Validation error 
2024-07-25T10:51:32.434Z info: User registered successfully 
2024-07-25T10:51:35.669Z info: Registering user 
2024-07-25T10:51:35.878Z error: Error registering user: Validation error 
2024-07-25T10:51:35.880Z info: User registered successfully 
2024-07-25T10:54:45.895Z info: Registering user 
2024-07-25T10:54:46.136Z error: Error registering user: Validation error 
2024-07-25T10:54:46.138Z info: User registered successfully 
2024-07-25T10:55:49.216Z info: Registering user 
2024-07-25T10:55:49.410Z error: Error registering user: Validation error 
2024-07-25T10:55:49.412Z info: User registered successfully 
2024-07-25T10:56:29.524Z error: Error registering user: Validation error 
2024-07-25T10:56:29.535Z info: User registered successfully 
2024-07-25T10:58:01.382Z info: Registering user 
2024-07-25T10:58:01.578Z error: Error registering user: Validation error 
2024-07-25T10:58:01.591Z error: Error registering user Validation error {
  "name": "SequelizeUniqueConstraintError",
  "errors": [
    {
      "message": "username must be unique",
      "type": "unique violation",
      "path": "username",
      "value": "Deepan Kumars",
      "origin": "DB",
      "instance": {
        "id": null,
        "username": "Deepan Kumars",
        "password": "$2a$10$kz5dPkHff8clWcLZCZa.mOJDSjBwyyGKSR3tDxL/Wyi9PwCXPGdfi",
        "role": "admin",
        "updatedAt": "2024-07-25T10:58:01.542Z",
        "createdAt": "2024-07-25T10:58:01.542Z"
      },
      "validatorKey": "not_unique",
      "validatorName": null,
      "validatorArgs": []
    }
  ],
  "parent": {
    "length": 214,
    "name": "error",
    "severity": "ERROR",
    "code": "23505",
    "detail": "Key (username)=(Deepan Kumars) already exists.",
    "schema": "public",
    "table": "users",
    "constraint": "users_username_key",
    "file": "nbtinsert.c",
    "line": "673",
    "routine": "_bt_check_unique",
    "sql": "INSERT INTO \"users\" (\"id\",\"username\",\"password\",\"role\",\"createdAt\",\"updatedAt\") VALUES (DEFAULT,$1,$2,$3,$4,$5) RETURNING \"id\",\"username\",\"password\",\"role\",\"createdAt\",\"updatedAt\";",
    "parameters": [
      "Deepan Kumars",
      "$2a$10$kz5dPkHff8clWcLZCZa.mOJDSjBwyyGKSR3tDxL/Wyi9PwCXPGdfi",
      "admin",
      "2024-07-25 10:58:01.542 +00:00",
      "2024-07-25 10:58:01.542 +00:00"
    ]
  },
  "original": {
    "length": 214,
    "name": "error",
    "severity": "ERROR",
    "code": "23505",
    "detail": "Key (username)=(Deepan Kumars) already exists.",
    "schema": "public",
    "table": "users",
    "constraint": "users_username_key",
    "file": "nbtinsert.c",
    "line": "673",
    "routine": "_bt_check_unique",
    "sql": "INSERT INTO \"users\" (\"id\",\"username\",\"password\",\"role\",\"createdAt\",\"updatedAt\") VALUES (DEFAULT,$1,$2,$3,$4,$5) RETURNING \"id\",\"username\",\"password\",\"role\",\"createdAt\",\"updatedAt\";",
    "parameters": [
      "Deepan Kumars",
      "$2a$10$kz5dPkHff8clWcLZCZa.mOJDSjBwyyGKSR3tDxL/Wyi9PwCXPGdfi",
      "admin",
      "2024-07-25 10:58:01.542 +00:00",
      "2024-07-25 10:58:01.542 +00:00"
    ]
  },
  "fields": {
    "username": "Deepan Kumars"
  },
  "sql": "INSERT INTO \"users\" (\"id\",\"username\",\"password\",\"role\",\"createdAt\",\"updatedAt\") VALUES (DEFAULT,$1,$2,$3,$4,$5) RETURNING \"id\",\"username\",\"password\",\"role\",\"createdAt\",\"updatedAt\";",
  "stack": "Error\n    at Query.run (E:\\alp\\OPCODE\\Logger\\Opcode\\node_modules\\sequelize\\lib\\dialects\\postgres\\query.js:50:25)\n    at E:\\alp\\OPCODE\\Logger\\Opcode\\node_modules\\sequelize\\lib\\sequelize.js:315:28\n    at async PostgresQueryInterface.insert (E:\\alp\\OPCODE\\Logger\\Opcode\\node_modules\\sequelize\\lib\\dialects\\abstract\\query-interface.js:308:21)\n    at async User.save (E:\\alp\\OPCODE\\Logger\\Opcode\\node_modules\\sequelize\\lib\\model.js:2490:35)\n    at async User.create (E:\\alp\\OPCODE\\Logger\\Opcode\\node_modules\\sequelize\\lib\\model.js:1362:12)"
}
2024-07-25T10:58:46.730Z error: Error registering user: Validation error 
2024-07-25T10:58:46.742Z error: Error registering user Validation error {
  "name": "SequelizeUniqueConstraintError",
  "errors": [
    {
      "message": "username must be unique",
      "type": "unique violation",
      "path": "username",
      "value": "Deepan Kumars",
      "origin": "DB",
      "instance": {
        "id": null,
        "username": "Deepan Kumars",
        "password": "$2a$10$a6fKHz.vdN1ajgj5rcueReDk.7.NidWaYboVyZ1FzjS2OiHCqKo0C",
        "role": "admin",
        "updatedAt": "2024-07-25T10:58:46.676Z",
        "createdAt": "2024-07-25T10:58:46.676Z"
      },
      "validatorKey": "not_unique",
      "validatorName": null,
      "validatorArgs": []
    }
  ],
  "parent": {
    "length": 214,
    "name": "error",
    "severity": "ERROR",
    "code": "23505",
    "detail": "Key (username)=(Deepan Kumars) already exists.",
    "schema": "public",
    "table": "users",
    "constraint": "users_username_key",
    "file": "nbtinsert.c",
    "line": "673",
    "routine": "_bt_check_unique",
    "sql": "INSERT INTO \"users\" (\"id\",\"username\",\"password\",\"role\",\"createdAt\",\"updatedAt\") VALUES (DEFAULT,$1,$2,$3,$4,$5) RETURNING \"id\",\"username\",\"password\",\"role\",\"createdAt\",\"updatedAt\";",
    "parameters": [
      "Deepan Kumars",
      "$2a$10$a6fKHz.vdN1ajgj5rcueReDk.7.NidWaYboVyZ1FzjS2OiHCqKo0C",
      "admin",
      "2024-07-25 10:58:46.676 +00:00",
      "2024-07-25 10:58:46.676 +00:00"
    ]
  },
  "original": {
    "length": 214,
    "name": "error",
    "severity": "ERROR",
    "code": "23505",
    "detail": "Key (username)=(Deepan Kumars) already exists.",
    "schema": "public",
    "table": "users",
    "constraint": "users_username_key",
    "file": "nbtinsert.c",
    "line": "673",
    "routine": "_bt_check_unique",
    "sql": "INSERT INTO \"users\" (\"id\",\"username\",\"password\",\"role\",\"createdAt\",\"updatedAt\") VALUES (DEFAULT,$1,$2,$3,$4,$5) RETURNING \"id\",\"username\",\"password\",\"role\",\"createdAt\",\"updatedAt\";",
    "parameters": [
      "Deepan Kumars",
      "$2a$10$a6fKHz.vdN1ajgj5rcueReDk.7.NidWaYboVyZ1FzjS2OiHCqKo0C",
      "admin",
      "2024-07-25 10:58:46.676 +00:00",
      "2024-07-25 10:58:46.676 +00:00"
    ]
  },
  "fields": {
    "username": "Deepan Kumars"
  },
  "sql": "INSERT INTO \"users\" (\"id\",\"username\",\"password\",\"role\",\"createdAt\",\"updatedAt\") VALUES (DEFAULT,$1,$2,$3,$4,$5) RETURNING \"id\",\"username\",\"password\",\"role\",\"createdAt\",\"updatedAt\";",
  "stack": "Error\n    at Query.run (E:\\alp\\OPCODE\\Logger\\Opcode\\node_modules\\sequelize\\lib\\dialects\\postgres\\query.js:50:25)\n    at E:\\alp\\OPCODE\\Logger\\Opcode\\node_modules\\sequelize\\lib\\sequelize.js:315:28\n    at async PostgresQueryInterface.insert (E:\\alp\\OPCODE\\Logger\\Opcode\\node_modules\\sequelize\\lib\\dialects\\abstract\\query-interface.js:308:21)\n    at async User.save (E:\\alp\\OPCODE\\Logger\\Opcode\\node_modules\\sequelize\\lib\\model.js:2490:35)\n    at async User.create (E:\\alp\\OPCODE\\Logger\\Opcode\\node_modules\\sequelize\\lib\\model.js:1362:12)"
}
2024-07-25T11:00:02.915Z info: Registering user 
2024-07-25T11:00:02.947Z error: Error registering user: Username already exists 
2024-07-25T11:00:02.961Z error: Error registering user Username already exists {
  "stack": "Error: Username already exists\n    at UserService.<anonymous> (E:\\alp\\OPCODE\\Logger\\Opcode\\dist\\services\\UserService.js:27:27)\n    at Generator.next (<anonymous>)\n    at fulfilled (E:\\alp\\OPCODE\\Logger\\Opcode\\dist\\services\\UserService.js:5:58)\n    at process.processTicksAndRejections (node:internal/process/task_queues:95:5)"
}
2024-07-25T11:00:19.883Z info: Registering user 
2024-07-25T11:00:20.190Z info: User registered successfully {
  "dataValues": {
    "id": 29,
    "username": "Deepan Kumarsss",
    "password": "$2a$10$LQdp79c2QG/0TpnIED9.B.5JwD.wSjplB.PMnb5L1jF6QItifBUUa",
    "role": "admin",
    "updatedAt": "2024-07-25T11:00:20.141Z",
    "createdAt": "2024-07-25T11:00:20.141Z"
  },
  "_previousDataValues": {
    "username": "Deepan Kumarsss",
    "password": "$2a$10$LQdp79c2QG/0TpnIED9.B.5JwD.wSjplB.PMnb5L1jF6QItifBUUa",
    "role": "admin",
    "id": 29,
    "createdAt": "2024-07-25T11:00:20.141Z",
    "updatedAt": "2024-07-25T11:00:20.141Z"
  },
  "uniqno": 1,
  "_changed": {},
  "_options": {
    "isNewRecord": true,
    "_schema": null,
    "_schemaDelimiter": ""
  },
  "isNewRecord": false
}
2024-07-25T11:00:41.579Z info: User login attempt 
2024-07-25T11:00:41.822Z info: User logged in: Deepan Kumarsss 
2024-07-25T11:00:41.823Z info: User logged in successfully 
2024-07-25T11:28:19.136Z warn: Invalid Token 
2024-07-25T11:40:32.077Z info: User login attempt 
2024-07-25T11:40:32.259Z info: User logged in: Deepan Kumarsss 
2024-07-25T11:40:32.260Z info: User logged in successfully 
2024-07-25T11:49:00.541Z info: Registering user 
2024-07-25T11:49:00.701Z info: User registered successfully {
  "dataValues": {
    "id": 30,
    "username": "Deepan S",
    "password": "$2a$10$NSGiR2aVO1C7Fr2wqIN9Qe7g5Ty.cvQx08AcgsbdJsLtmnv98H0Zq",
    "role": "user",
    "updatedAt": "2024-07-25T11:49:00.694Z",
    "createdAt": "2024-07-25T11:49:00.694Z"
  },
  "_previousDataValues": {
    "username": "Deepan S",
    "password": "$2a$10$NSGiR2aVO1C7Fr2wqIN9Qe7g5Ty.cvQx08AcgsbdJsLtmnv98H0Zq",
    "role": "user",
    "id": 30,
    "createdAt": "2024-07-25T11:49:00.694Z",
    "updatedAt": "2024-07-25T11:49:00.694Z"
  },
  "uniqno": 1,
  "_changed": {},
  "_options": {
    "isNewRecord": true,
    "_schema": null,
    "_schemaDelimiter": ""
  },
  "isNewRecord": false
}
2024-07-25T11:49:14.908Z info: User login attempt 
2024-07-25T11:49:15.047Z info: User logged in: Deepan S 
2024-07-25T11:49:15.048Z info: User logged in successfully 
2024-07-25T11:49:57.305Z warn: User role user not authorized 
2024-07-25T11:59:34.276Z warn: User role user not authorized 
